\BOOKMARK [1][-]{section.1}{Introducci\363n}{}% 1
\BOOKMARK [1][-]{section.2}{Trabajos relacionados}{}% 2
\BOOKMARK [1][-]{section.3}{An\341lisis del uso de lentes interactivos en taxonom\355as biol\363gicas}{}% 3
\BOOKMARK [2][-]{subsection.3.1}{Lentes Interactivos}{section.3}% 4
\BOOKMARK [2][-]{subsection.3.2}{Lentes Interactivos para Visualizaci\363n}{section.3}% 5
\BOOKMARK [2][-]{subsection.3.3}{Lentes Interactivos para Visualizaci\363n de Taxonom\355as}{section.3}% 6
\BOOKMARK [1][-]{section.4}{Dise\361o de visualizaci\363n InterRing para el sistema taxon\363mico Di\341fora}{}% 7
\BOOKMARK [2][-]{subsection.4.1}{Interacci\363n: }{section.4}% 8
\BOOKMARK [2][-]{subsection.4.2}{Rendimiento: }{section.4}% 9
\BOOKMARK [2][-]{subsection.4.3}{Tama\361o: }{section.4}% 10
\BOOKMARK [2][-]{subsection.4.4}{Resoluci\363n: }{section.4}% 11
\BOOKMARK [1][-]{section.5}{Desarrollo del modelo de visualizaci\363n en el sistema Diafor\341}{}% 12
\BOOKMARK [2][-]{subsection.5.1}{Caso de Uso: Orden: Haplotaxida}{section.5}% 13
\BOOKMARK [2][-]{subsection.5.2}{Posibles extensiones a futuro del sistema Diafor\341}{section.5}% 14
\BOOKMARK [2][-]{subsection.5.3}{Detalles del desarrollo de la herramienta}{section.5}% 15
\BOOKMARK [1][-]{section.6}{Validaci\363n del modelo propuesto}{}% 16
\BOOKMARK [1][-]{section.7}{Trabajo Futuro}{}% 17
\BOOKMARK [1][-]{section.8}{Discusi\363n}{}% 18
\BOOKMARK [1][-]{section.9}{Conclusiones}{}% 19
\BOOKMARK [1][-]{section*.1}{Referencias}{}% 20
